  protobuf_codec.cxx
libprotobuf.lib(message.obj) : error LNK2038: 检测到“_ITERATOR_DEBUG_LEVEL”的不匹配项: 值“0”不匹配值“2”(ccs_common_message.pb.obj 中)
libprotobuf.lib(message.obj) : error LNK2038: 检测到“RuntimeLibrary”的不匹配项: 值“MD_DynamicRelease”不匹配值“MDd_DynamicDebug”(ccs_common_message.pb.obj 中)
libprotobuf.lib(generated_message_bases.obj) : error LNK2038: 检测到“_ITERATOR_DEBUG_LEVEL”的不匹配项: 值“0”不匹配值“2”(ccs_common_message.pb.obj 中)
libprotobuf.lib(generated_message_bases.obj) : error LNK2038: 检测到“RuntimeLibrary”的不匹配项: 值“MD_DynamicRelease”不匹配值“MDd_DynamicDebug”(ccs_common_message.pb.obj 中)
libprotobuf.lib(stringpiece.obj) : error LNK2038: 检测到“_ITERATOR_DEBUG_LEVEL”的不匹配项: 值“0”不匹配值“2”(ccs_common_message.pb.obj 中)
libprotobuf.lib(stringpiece.obj) : error LNK2038: 检测到“RuntimeLibrary”的不匹配项: 值“MD_DynamicRelease”不匹配值“MDd_DynamicDebug”(ccs_common_message.pb.obj 中)
libprotobuf.lib(common.obj) : error LNK2038: 检测到“_ITERATOR_DEBUG_LEVEL”的不匹配项: 值“0”不匹配值“2”(ccs_common_message.pb.obj 中)
libprotobuf.lib(common.obj) : error LNK2038: 检测到“RuntimeLibrary”的不匹配项: 值“MD_DynamicRelease”不匹配值“MDd_DynamicDebug”(ccs_common_message.pb.obj 中)
libprotobuf.lib(coded_stream.obj) : error LNK2038: 检测到“_ITERATOR_DEBUG_LEVEL”的不匹配项: 值“0”不匹配值“2”(ccs_common_message.pb.obj 中)
libprotobuf.lib(coded_stream.obj) : error LNK2038: 检测到“RuntimeLibrary”的不匹配项: 值“MD_DynamicRelease”不匹配值“MDd_DynamicDebug”(ccs_common_message.pb.obj 中)
libprotobuf.lib(arena.obj) : error LNK2038: 检测到“_ITERATOR_DEBUG_LEVEL”的不匹配项: 值“0”不匹配值“2”(ccs_common_message.pb.obj 中)
libprotobuf.lib(arena.obj) : error LNK2038: 检测到“RuntimeLibrary”的不匹配项: 值“MD_DynamicRelease”不匹配值“MDd_DynamicDebug”(ccs_common_message.pb.obj 中)
libprotobuf.lib(arenastring.obj) : error LNK2038: 检测到“_ITERATOR_DEBUG_LEVEL”的不匹配项: 值“0”不匹配值“2”(ccs_common_message.pb.obj 中)
libprotobuf.lib(arenastring.obj) : error LNK2038: 检测到“RuntimeLibrary”的不匹配项: 值“MD_DynamicRelease”不匹配值“MDd_DynamicDebug”(ccs_common_message.pb.obj 中)
libprotobuf.lib(message_lite.obj) : error LNK2038: 检测到“_ITERATOR_DEBUG_LEVEL”的不匹配项: 值“0”不匹配值“2”(ccs_common_message.pb.obj 中)
libprotobuf.lib(message_lite.obj) : error LNK2038: 检测到“RuntimeLibrary”的不匹配项: 值“MD_DynamicRelease”不匹配值“MDd_DynamicDebug”(ccs_common_message.pb.obj 中)
libprotobuf.lib(wire_format_lite.obj) : error LNK2038: 检测到“_ITERATOR_DEBUG_LEVEL”的不匹配项: 值“0”不匹配值“2”(ccs_common_message.pb.obj 中)
libprotobuf.lib(wire_format_lite.obj) : error LNK2038: 检测到“RuntimeLibrary”的不匹配项: 值“MD_DynamicRelease”不匹配值“MDd_DynamicDebug”(ccs_common_message.pb.obj 中)
libprotobuf.lib(parse_context.obj) : error LNK2038: 检测到“_ITERATOR_DEBUG_LEVEL”的不匹配项: 值“0”不匹配值“2”(ccs_common_message.pb.obj 中)
libprotobuf.lib(parse_context.obj) : error LNK2038: 检测到“RuntimeLibrary”的不匹配项: 值“MD_DynamicRelease”不匹配值“MDd_DynamicDebug”(ccs_common_message.pb.obj 中)
libprotobuf.lib(unknown_field_set.obj) : error LNK2038: 检测到“_ITERATOR_DEBUG_LEVEL”的不匹配项: 值“0”不匹配值“2”(ccs_common_message.pb.obj 中)
libprotobuf.lib(unknown_field_set.obj) : error LNK2038: 检测到“RuntimeLibrary”的不匹配项: 值“MD_DynamicRelease”不匹配值“MDd_DynamicDebug”(ccs_common_message.pb.obj 中)
libprotobuf.lib(generated_message_reflection.obj) : error LNK2038: 检测到“_ITERATOR_DEBUG_LEVEL”的不匹配项: 值“0”不匹配值“2”(ccs_common_message.pb.obj 中)
libprotobuf.lib(generated_message_reflection.obj) : error LNK2038: 检测到“RuntimeLibrary”的不匹配项: 值“MD_DynamicRelease”不匹配值“MDd_DynamicDebug”(ccs_common_message.pb.obj 中)
libprotobuf.lib(wire_format.obj) : error LNK2038: 检测到“_ITERATOR_DEBUG_LEVEL”的不匹配项: 值“0”不匹配值“2”(ccs_common_message.pb.obj 中)
libprotobuf.lib(wire_format.obj) : error LNK2038: 检测到“RuntimeLibrary”的不匹配项: 值“MD_DynamicRelease”不匹配值“MDd_DynamicDebug”(ccs_common_message.pb.obj 中)
libprotobuf.lib(generated_message_util.obj) : error LNK2038: 检测到“_ITERATOR_DEBUG_LEVEL”的不匹配项: 值“0”不匹配值“2”(ccs_common_message.pb.obj 中)
libprotobuf.lib(generated_message_util.obj) : error LNK2038: 检测到“RuntimeLibrary”的不匹配项: 值“MD_DynamicRelease”不匹配值“MDd_DynamicDebug”(ccs_common_message.pb.obj 中)
libprotobuf.lib(repeated_ptr_field.obj) : error LNK2038: 检测到“_ITERATOR_DEBUG_LEVEL”的不匹配项: 值“0”不匹配值“2”(ccs_common_message.pb.obj 中)
libprotobuf.lib(repeated_ptr_field.obj) : error LNK2038: 检测到“RuntimeLibrary”的不匹配项: 值“MD_DynamicRelease”不匹配值“MDd_DynamicDebug”(ccs_common_message.pb.obj 中)
libprotobuf.lib(repeated_field.obj) : error LNK2038: 检测到“_ITERATOR_DEBUG_LEVEL”的不匹配项: 值“0”不匹配值“2”(ccs_common_message.pb.obj 中)
libprotobuf.lib(repeated_field.obj) : error LNK2038: 检测到“RuntimeLibrary”的不匹配项: 值“MD_DynamicRelease”不匹配值“MDd_DynamicDebug”(ccs_common_message.pb.obj 中)
libprotobuf.lib(text_format.obj) : error LNK2038: 检测到“_ITERATOR_DEBUG_LEVEL”的不匹配项: 值“0”不匹配值“2”(ccs_common_message.pb.obj 中)
libprotobuf.lib(text_format.obj) : error LNK2038: 检测到“RuntimeLibrary”的不匹配项: 值“MD_DynamicRelease”不匹配值“MDd_DynamicDebug”(ccs_common_message.pb.obj 中)
libprotobuf.lib(descriptor.obj) : error LNK2038: 检测到“_ITERATOR_DEBUG_LEVEL”的不匹配项: 值“0”不匹配值“2”(ccs_common_message.pb.obj 中)
libprotobuf.lib(descriptor.obj) : error LNK2038: 检测到“RuntimeLibrary”的不匹配项: 值“MD_DynamicRelease”不匹配值“MDd_DynamicDebug”(ccs_common_message.pb.obj 中)
libprotobuf.lib(strutil.obj) : error LNK2038: 检测到“_ITERATOR_DEBUG_LEVEL”的不匹配项: 值“0”不匹配值“2”(ccs_common_message.pb.obj 中)
libprotobuf.lib(strutil.obj) : error LNK2038: 检测到“RuntimeLibrary”的不匹配项: 值“MD_DynamicRelease”不匹配值“MDd_DynamicDebug”(ccs_common_message.pb.obj 中)
libprotobuf.lib(reflection_ops.obj) : error LNK2038: 检测到“_ITERATOR_DEBUG_LEVEL”的不匹配项: 值“0”不匹配值“2”(ccs_common_message.pb.obj 中)
libprotobuf.lib(reflection_ops.obj) : error LNK2038: 检测到“RuntimeLibrary”的不匹配项: 值“MD_DynamicRelease”不匹配值“MDd_DynamicDebug”(ccs_common_message.pb.obj 中)
libprotobuf.lib(map_field.obj) : error LNK2038: 检测到“_ITERATOR_DEBUG_LEVEL”的不匹配项: 值“0”不匹配值“2”(ccs_common_message.pb.obj 中)
libprotobuf.lib(map_field.obj) : error LNK2038: 检测到“RuntimeLibrary”的不匹配项: 值“MD_DynamicRelease”不匹配值“MDd_DynamicDebug”(ccs_common_message.pb.obj 中)
libprotobuf.lib(status.obj) : error LNK2038: 检测到“_ITERATOR_DEBUG_LEVEL”的不匹配项: 值“0”不匹配值“2”(ccs_common_message.pb.obj 中)
libprotobuf.lib(status.obj) : error LNK2038: 检测到“RuntimeLibrary”的不匹配项: 值“MD_DynamicRelease”不匹配值“MDd_DynamicDebug”(ccs_common_message.pb.obj 中)
libprotobuf.lib(int128.obj) : error LNK2038: 检测到“_ITERATOR_DEBUG_LEVEL”的不匹配项: 值“0”不匹配值“2”(ccs_common_message.pb.obj 中)
libprotobuf.lib(int128.obj) : error LNK2038: 检测到“RuntimeLibrary”的不匹配项: 值“MD_DynamicRelease”不匹配值“MDd_DynamicDebug”(ccs_common_message.pb.obj 中)
libprotobuf.lib(zero_copy_stream.obj) : error LNK2038: 检测到“_ITERATOR_DEBUG_LEVEL”的不匹配项: 值“0”不匹配值“2”(ccs_common_message.pb.obj 中)
libprotobuf.lib(zero_copy_stream.obj) : error LNK2038: 检测到“RuntimeLibrary”的不匹配项: 值“MD_DynamicRelease”不匹配值“MDd_DynamicDebug”(ccs_common_message.pb.obj 中)
libprotobuf.lib(zero_copy_stream_impl_lite.obj) : error LNK2038: 检测到“_ITERATOR_DEBUG_LEVEL”的不匹配项: 值“0”不匹配值“2”(ccs_common_message.pb.obj 中)
libprotobuf.lib(zero_copy_stream_impl_lite.obj) : error LNK2038: 检测到“RuntimeLibrary”的不匹配项: 值“MD_DynamicRelease”不匹配值“MDd_DynamicDebug”(ccs_common_message.pb.obj 中)
libprotobuf.lib(zero_copy_stream_impl.obj) : error LNK2038: 检测到“_ITERATOR_DEBUG_LEVEL”的不匹配项: 值“0”不匹配值“2”(ccs_common_message.pb.obj 中)
libprotobuf.lib(zero_copy_stream_impl.obj) : error LNK2038: 检测到“RuntimeLibrary”的不匹配项: 值“MD_DynamicRelease”不匹配值“MDd_DynamicDebug”(ccs_common_message.pb.obj 中)
libprotobuf.lib(structurally_valid.obj) : error LNK2038: 检测到“_ITERATOR_DEBUG_LEVEL”的不匹配项: 值“0”不匹配值“2”(ccs_common_message.pb.obj 中)
libprotobuf.lib(structurally_valid.obj) : error LNK2038: 检测到“RuntimeLibrary”的不匹配项: 值“MD_DynamicRelease”不匹配值“MDd_DynamicDebug”(ccs_common_message.pb.obj 中)
libprotobuf.lib(extension_set_heavy.obj) : error LNK2038: 检测到“_ITERATOR_DEBUG_LEVEL”的不匹配项: 值“0”不匹配值“2”(ccs_common_message.pb.obj 中)
libprotobuf.lib(extension_set_heavy.obj) : error LNK2038: 检测到“RuntimeLibrary”的不匹配项: 值“MD_DynamicRelease”不匹配值“MDd_DynamicDebug”(ccs_common_message.pb.obj 中)
libprotobuf.lib(extension_set.obj) : error LNK2038: 检测到“_ITERATOR_DEBUG_LEVEL”的不匹配项: 值“0”不匹配值“2”(ccs_common_message.pb.obj 中)
libprotobuf.lib(extension_set.obj) : error LNK2038: 检测到“RuntimeLibrary”的不匹配项: 值“MD_DynamicRelease”不匹配值“MDd_DynamicDebug”(ccs_common_message.pb.obj 中)
libprotobuf.lib(implicit_weak_message.obj) : error LNK2038: 检测到“_ITERATOR_DEBUG_LEVEL”的不匹配项: 值“0”不匹配值“2”(ccs_common_message.pb.obj 中)
libprotobuf.lib(implicit_weak_message.obj) : error LNK2038: 检测到“RuntimeLibrary”的不匹配项: 值“MD_DynamicRelease”不匹配值“MDd_DynamicDebug”(ccs_common_message.pb.obj 中)
libprotobuf.lib(any_lite.obj) : error LNK2038: 检测到“_ITERATOR_DEBUG_LEVEL”的不匹配项: 值“0”不匹配值“2”(ccs_common_message.pb.obj 中)
libprotobuf.lib(any_lite.obj) : error LNK2038: 检测到“RuntimeLibrary”的不匹配项: 值“MD_DynamicRelease”不匹配值“MDd_DynamicDebug”(ccs_common_message.pb.obj 中)
libprotobuf.lib(any.obj) : error LNK2038: 检测到“_ITERATOR_DEBUG_LEVEL”的不匹配项: 值“0”不匹配值“2”(ccs_common_message.pb.obj 中)
libprotobuf.lib(any.obj) : error LNK2038: 检测到“RuntimeLibrary”的不匹配项: 值“MD_DynamicRelease”不匹配值“MDd_DynamicDebug”(ccs_common_message.pb.obj 中)
libprotobuf.lib(tokenizer.obj) : error LNK2038: 检测到“_ITERATOR_DEBUG_LEVEL”的不匹配项: 值“0”不匹配值“2”(ccs_common_message.pb.obj 中)
libprotobuf.lib(tokenizer.obj) : error LNK2038: 检测到“RuntimeLibrary”的不匹配项: 值“MD_DynamicRelease”不匹配值“MDd_DynamicDebug”(ccs_common_message.pb.obj 中)
libprotobuf.lib(dynamic_message.obj) : error LNK2038: 检测到“_ITERATOR_DEBUG_LEVEL”的不匹配项: 值“0”不匹配值“2”(ccs_common_message.pb.obj 中)
libprotobuf.lib(dynamic_message.obj) : error LNK2038: 检测到“RuntimeLibrary”的不匹配项: 值“MD_DynamicRelease”不匹配值“MDd_DynamicDebug”(ccs_common_message.pb.obj 中)
libprotobuf.lib(strtod.obj) : error LNK2038: 检测到“_ITERATOR_DEBUG_LEVEL”的不匹配项: 值“0”不匹配值“2”(ccs_common_message.pb.obj 中)
libprotobuf.lib(strtod.obj) : error LNK2038: 检测到“RuntimeLibrary”的不匹配项: 值“MD_DynamicRelease”不匹配值“MDd_DynamicDebug”(ccs_common_message.pb.obj 中)
libprotobuf.lib(descriptor.pb.obj) : error LNK2038: 检测到“_ITERATOR_DEBUG_LEVEL”的不匹配项: 值“0”不匹配值“2”(ccs_common_message.pb.obj 中)
libprotobuf.lib(descriptor.pb.obj) : error LNK2038: 检测到“RuntimeLibrary”的不匹配项: 值“MD_DynamicRelease”不匹配值“MDd_DynamicDebug”(ccs_common_message.pb.obj 中)
libprotobuf.lib(stringprintf.obj) : error LNK2038: 检测到“_ITERATOR_DEBUG_LEVEL”的不匹配项: 值“0”不匹配值“2”(ccs_common_message.pb.obj 中)
libprotobuf.lib(stringprintf.obj) : error LNK2038: 检测到“RuntimeLibrary”的不匹配项: 值“MD_DynamicRelease”不匹配值“MDd_DynamicDebug”(ccs_common_message.pb.obj 中)
libprotobuf.lib(substitute.obj) : error LNK2038: 检测到“_ITERATOR_DEBUG_LEVEL”的不匹配项: 值“0”不匹配值“2”(ccs_common_message.pb.obj 中)
libprotobuf.lib(substitute.obj) : error LNK2038: 检测到“RuntimeLibrary”的不匹配项: 值“MD_DynamicRelease”不匹配值“MDd_DynamicDebug”(ccs_common_message.pb.obj 中)
libprotobuf.lib(descriptor_database.obj) : error LNK2038: 检测到“_ITERATOR_DEBUG_LEVEL”的不匹配项: 值“0”不匹配值“2”(ccs_common_message.pb.obj 中)
libprotobuf.lib(descriptor_database.obj) : error LNK2038: 检测到“RuntimeLibrary”的不匹配项: 值“MD_DynamicRelease”不匹配值“MDd_DynamicDebug”(ccs_common_message.pb.obj 中)
libprotobuf.lib(map.obj) : error LNK2038: 检测到“_ITERATOR_DEBUG_LEVEL”的不匹配项: 值“0”不匹配值“2”(ccs_common_message.pb.obj 中)
libprotobuf.lib(map.obj) : error LNK2038: 检测到“RuntimeLibrary”的不匹配项: 值“MD_DynamicRelease”不匹配值“MDd_DynamicDebug”(ccs_common_message.pb.obj 中)
libprotobuf.lib(io_win32.obj) : error LNK2038: 检测到“_ITERATOR_DEBUG_LEVEL”的不匹配项: 值“0”不匹配值“2”(ccs_common_message.pb.obj 中)
libprotobuf.lib(io_win32.obj) : error LNK2038: 检测到“RuntimeLibrary”的不匹配项: 值“MD_DynamicRelease”不匹配值“MDd_DynamicDebug”(ccs_common_message.pb.obj 中)
LINK : warning LNK4098: 默认库“MSVCRT”与其他库的使用冲突；请使用 /NODEFAULTLIB:library
F:\share\allProgram\WindowdailyCode\RTTI\Debug\使用websocketpp创建客户端使用.exe : fatal error LNK1319: 检测到 82 个不匹配项
